<?xml version="1.0" encoding="UTF-8"?>
<!-- Generated by org.testng.reporters.JUnitReportReporter -->
<testsuite hostname="LATAM-7NSDDL3" failures="0" tests="1" name="poc_appium.Appium.AppiumBasics" time="8.367" errors="0" timestamp="2022-09-27T16:18:34 COT" skipped="0">
  <testcase classname="poc_appium.Appium.AppiumBasics" name="AppiumTest" time="8.367"/>
  <system-out/>
</testsuite> <!-- poc_appium.Appium.AppiumBasics -->
