<?xml version="1.0" encoding="UTF-8"?>
<!-- Generated by org.testng.reporters.JUnitReportReporter -->
<testsuite hostname="LATAM-7NSDDL3" failures="0" tests="1" name="poc_appium.Appium.DragDropDemo" time="3.239" errors="0" timestamp="2022-09-29T09:10:28 COT" skipped="0">
  <testcase classname="poc_appium.Appium.DragDropDemo" name="ScrollDemoTest" time="3.239"/>
  <system-out/>
</testsuite> <!-- poc_appium.Appium.DragDropDemo -->
