<?xml version="1.0" encoding="UTF-8"?>
<!-- Generated by org.testng.reporters.JUnitReportReporter -->
<testsuite hostname="LATAM-7NSDDL3" failures="0" tests="1" name="poc_appium.Appium.Ecommercer_tc_1" time="20.238" errors="0" timestamp="2022-09-29T14:46:19 COT" skipped="0">
  <testcase classname="poc_appium.Appium.Ecommercer_tc_1" name="FillFormError" time="20.238"/>
  <system-out/>
</testsuite> <!-- poc_appium.Appium.Ecommercer_tc_1 -->
