<?xml version="1.0" encoding="UTF-8"?>
<!-- Generated by org.testng.reporters.JUnitReportReporter -->
<testsuite hostname="LATAM-7NSDDL3" failures="0" tests="1" name="poc_appium.Appium.MiscellaneousActions" time="6.791" errors="0" timestamp="2022-09-29T09:56:16 COT" skipped="0">
  <testcase classname="poc_appium.Appium.MiscellaneousActions" name="SettingWifiName" time="6.791"/>
  <system-out/>
</testsuite> <!-- poc_appium.Appium.MiscellaneousActions -->
