<?xml version="1.0" encoding="UTF-8"?>
<!-- Generated by org.testng.reporters.JUnitReportReporter -->
<testsuite hostname="LATAM-7NSDDL3" failures="0" tests="1" name="poc_appium.Appium.ScrollDemo" time="7.044" errors="0" timestamp="2022-09-28T17:13:09 COT" skipped="0">
  <testcase classname="poc_appium.Appium.ScrollDemo" name="ScrollDemoTest" time="7.044"/>
  <system-out/>
</testsuite> <!-- poc_appium.Appium.ScrollDemo -->
