<?xml version="1.0" encoding="UTF-8"?>
<!-- Generated by org.testng.reporters.JUnitReportReporter -->
<testsuite hostname="LATAM-7NSDDL3" failures="0" tests="1" name="poc_appium.Appium.AppiumBasics" time="4.954" errors="0" timestamp="2022-09-28T14:52:03 COT" skipped="0">
  <testcase classname="poc_appium.Appium.AppiumBasics" name="SettingWifiName" time="4.954"/>
  <system-out/>
</testsuite> <!-- poc_appium.Appium.AppiumBasics -->
