<?xml version="1.0" encoding="UTF-8"?>
<!-- Generated by org.testng.reporters.JUnitReportReporter -->
<testsuite hostname="LATAM-7NSDDL3" failures="0" tests="1" name="poc_appium.Appium.AppiumBasics" time="10.995" errors="0" timestamp="2022-09-27T16:45:44 COT" skipped="0">
  <testcase classname="poc_appium.Appium.AppiumBasics" name="AppiumTest" time="10.995"/>
  <system-out/>
</testsuite> <!-- poc_appium.Appium.AppiumBasics -->
